********************************************************************************
product = Open Liberty 22.0.0.5 (wlp-1.0.64.cl220520220425-0301)
wlp.install.dir = /home/mario/dev/pw2/restful-web-service/target/liberty/wlp/
java.home = /usr/lib/jvm/java-11-openjdk-amd64
java.version = 11.0.15
java.runtime = OpenJDK Runtime Environment (11.0.15+10-Ubuntu-0ubuntu0.20.04.1)
os = Linux (5.4.0-113-generic; amd64) (pt_BR)
process = 30711@ASUS-X555LB
Classpath = /home/mario/dev/pw2/restful-web-service/target/liberty/wlp/bin/tools/ws-server.jar
Java Library path = /usr/java/packages/lib:/usr/lib/x86_64-linux-gnu/jni:/lib/x86_64-linux-gnu:/usr/lib/x86_64-linux-gnu:/usr/lib/jni:/lib:/usr/lib
********************************************************************************
[31/05/2022 14:26:11:520 BRT] 00000001 com.ibm.ws.kernel.launch.internal.FrameworkManager           A CWWKE0001I: O servidor restful-web-service foi ativado.
[31/05/2022 14:26:12:650 BRT] 00000001 com.ibm.ws.kernel.launch.internal.FrameworkManager           I CWWKE0002I: O kernel foi iniciado após 1,417 segundos
[31/05/2022 14:26:12:671 BRT] 00000023 com.ibm.ws.kernel.feature.internal.FeatureManager            I CWWKF0007I: Atualização do recurso iniciada.
[31/05/2022 14:26:12:986 BRT] 00000018 .apache.cxf.cxf.core.3.2:1.0.64.cl220520220425-0301(id=125)] I Aries Blueprint packages not available. So namespaces will not be registered
[31/05/2022 14:26:12:988 BRT] 00000017 .apache.cxf.cxf.core.3.2:1.0.64.cl220520220425-0301(id=125)] I Aries Blueprint packages not available. So namespaces will not be registered
[31/05/2022 14:26:13:070 BRT] 00000016 com.ibm.ws.security.ready.internal.SecurityReadyServiceImpl  I CWWKS0007I: O serviço de segurança está iniciando...
[31/05/2022 14:26:13:435 BRT] 00000018 com.ibm.ws.app.manager.internal.monitor.DropinMonitor        A CWWKZ0058I: Monitorando dropins para aplicativos.
[31/05/2022 14:26:14:292 BRT] 00000019 com.ibm.ws.cache.ServerCache                                 I DYNA1001I: A instância de Cache Dinâmico do WebSphere denominada baseCache foi inicializada com êxito.
[31/05/2022 14:26:14:316 BRT] 00000019 com.ibm.ws.cache.ServerCache                                 I DYNA1071I: O provedor de cache default está sendo usado.
[31/05/2022 14:26:14:317 BRT] 00000019 com.ibm.ws.cache.CacheServiceImpl                            I DYNA1056I: Cache Dinâmico (cache de objeto) inicializado com êxito.
[31/05/2022 14:26:14:322 BRT] 00000019 .ws.security.mp.jwt.v11.config.impl.MpConfigProxyServiceImpl I CWWKS5775I: O mpConfigProxy do MicroProfile JWT versão 1.1 foi processado com sucesso.
[31/05/2022 14:26:14:311 BRT] 00000017 rty.security.mp.jwt.v12.config.impl.MpConfigProxyServiceImpl I CWWKS5780I: O MicroProfile JWT versão 1.2 mpConfigProxy foi processado com sucesso.
[31/05/2022 14:26:14:725 BRT] 0000001f com.ibm.ws.ssl.config.WSKeyStore                             I Successfully loaded default keystore: /home/mario/dev/pw2/restful-web-service/target/liberty/wlp/usr/servers/restful-web-service/resources/security/public.jks of type: JKS
[31/05/2022 14:26:14:779 BRT] 0000002e com.ibm.ws.security.token.ltpa.internal.LTPAKeyCreateTask    I CWWKS4105I: A configuração de LTPA fica pronta após 0,088 segundos.
[31/05/2022 14:26:14:794 BRT] 00000016 ibm.ws.security.authentication.internal.jaas.JAASServiceImpl I CWWKS1123I: O plug-in de autenticação coletivo com o nome de classe NullCollectiveAuthenticationPlugin foi ativado. 
[31/05/2022 14:26:14:912 BRT] 0000001f com.ibm.ws.security.mp.jwt.impl.MicroProfileJwtServiceImpl   I CWWKS5500I: A configuração do MicroProfile JWT [MicroProfileJwtService] foi processada com sucesso.
[31/05/2022 14:26:14:916 BRT] 0000001f com.ibm.ws.security.mp.jwt.impl.MicroProfileJwtConfigImpl    I CWWKS5500I: A configuração do MicroProfile JWT [jwtUserConsumer] foi processada com sucesso.
[31/05/2022 14:26:14:918 BRT] 0000001f com.ibm.ws.security.mp.jwt.impl.MicroProfileJwtConfigImpl    I CWWKS5500I: A configuração do MicroProfile JWT [defaultMpJwt] foi processada com sucesso.
[31/05/2022 14:26:15:118 BRT] 00000016 com.ibm.ws.security.jwt.internal.ConsumerImpl                I CWWKS6012I: O serviço do consumidor JSON Web Token (JWT) está disponível.
[31/05/2022 14:26:15:137 BRT] 00000016 com.ibm.ws.security.jwt.web.JwtEndpointServices              I CWWKS6002I: O trabalho de terminal JSON Web Token (JWT) está disponível.
[31/05/2022 14:26:15:190 BRT] 00000016 com.ibm.ws.security.jaspi.AuthConfigFactoryWrapper           I CWWKS1655I: A classe AuthConfigFactory com.ibm.ws.security.jaspi.ProviderRegistry padrão do Java Authentication SPI for Containers (JASPIC) está sendo usada porque a propriedade de segurança Java authconfigprovider.factory não está configurada. 
[31/05/2022 14:26:15:626 BRT] 00000016 com.ibm.ws.session.WASSessionCore                            I SESN8501I: O gerenciador de sessões não localizou um local de armazenamento persistente; objetos HttpSession serão armazenados na memória do servidor de aplicativos local.
[31/05/2022 14:26:15:748 BRT] 00000016 .microprofile.metrics.internal.monitor.MonitorMetricsHandler I CWPMI2003I: Métricas de monitoramento podem ser recuperadas por meio do mpMetrics.
[31/05/2022 14:26:16:716 BRT] 0000002a com.ibm.ws.webcontainer.osgi.webapp.WebGroup                 I SRVE0169I: Carregando o Módulo da Web: PublicMicroProfileMetrics.
[31/05/2022 14:26:16:720 BRT] 00000028 com.ibm.ws.webcontainer.osgi.webapp.WebGroup                 I SRVE0169I: Carregando o Módulo da Web: ibm/api.
[31/05/2022 14:26:16:722 BRT] 0000002a com.ibm.ws.webcontainer                                      I SRVE0250I: O Módulo da Web PublicMicroProfileMetrics foi ligado ao default_host.
[31/05/2022 14:26:16:716 BRT] 00000025 com.ibm.ws.webcontainer.osgi.webapp.WebGroup                 I SRVE0169I: Carregando o Módulo da Web: com.ibm.ws.security.jwt.
[31/05/2022 14:26:16:716 BRT] 0000002f com.ibm.ws.webcontainer.osgi.webapp.WebGroup                 I SRVE0169I: Carregando o Módulo da Web: health.
[31/05/2022 14:26:16:725 BRT] 00000025 com.ibm.ws.webcontainer                                      I SRVE0250I: O Módulo da Web com.ibm.ws.security.jwt foi ligado ao default_host.
[31/05/2022 14:26:16:725 BRT] 0000002f com.ibm.ws.webcontainer                                      I SRVE0250I: O Módulo da Web health foi ligado ao default_host.
[31/05/2022 14:26:16:718 BRT] 00000024 com.ibm.ws.webcontainer.osgi.webapp.WebGroup                 I SRVE0169I: Carregando o Módulo da Web: OpenAPIUI.
[31/05/2022 14:26:16:726 BRT] 00000024 com.ibm.ws.webcontainer                                      I SRVE0250I: O Módulo da Web OpenAPIUI foi ligado ao default_host.
[31/05/2022 14:26:16:719 BRT] 0000002e com.ibm.ws.webcontainer.osgi.webapp.WebGroup                 I SRVE0169I: Carregando o Módulo da Web: MicroProfileOpenAPI.
[31/05/2022 14:26:16:727 BRT] 0000002e com.ibm.ws.webcontainer                                      I SRVE0250I: O Módulo da Web MicroProfileOpenAPI foi ligado ao default_host.
[31/05/2022 14:26:16:722 BRT] 00000028 com.ibm.ws.webcontainer                                      I SRVE0250I: O Módulo da Web ibm/api foi ligado ao default_host.
[31/05/2022 14:26:16:724 BRT] 0000002a com.ibm.ws.http.internal.VirtualHostImpl                     A CWWKT0016I: Aplicativo da Web disponível (default_host): http://localhost:9080/metrics/
[31/05/2022 14:26:16:740 BRT] 00000025 com.ibm.ws.http.internal.VirtualHostImpl                     A CWWKT0016I: Aplicativo da Web disponível (default_host): http://localhost:9080/jwt/
[31/05/2022 14:26:16:747 BRT] 00000028 com.ibm.ws.http.internal.VirtualHostImpl                     A CWWKT0016I: Aplicativo da Web disponível (default_host): http://localhost:9080/ibm/api/
[31/05/2022 14:26:16:748 BRT] 0000002e com.ibm.ws.http.internal.VirtualHostImpl                     A CWWKT0016I: Aplicativo da Web disponível (default_host): http://localhost:9080/openapi/
[31/05/2022 14:26:16:749 BRT] 00000024 com.ibm.ws.http.internal.VirtualHostImpl                     A CWWKT0016I: Aplicativo da Web disponível (default_host): http://localhost:9080/openapi/ui/
[31/05/2022 14:26:16:751 BRT] 0000002f com.ibm.ws.http.internal.VirtualHostImpl                     A CWWKT0016I: Aplicativo da Web disponível (default_host): http://localhost:9080/health/
[31/05/2022 14:26:16:810 BRT] 0000002a com.ibm.ws.app.manager.AppMessageHelper                      I CWWKZ0018I: Iniciando o aplicativo restful-web-service.
[31/05/2022 14:26:16:811 BRT] 0000002a bm.ws.app.manager.war.internal.WARDeployedAppInfoFactoryImpl I CWWKZ0134I: O aplicativo restful-web-service está usando a definição de aplicativo indefinido no local /home/mario/dev/pw2/restful-web-service/target/liberty/wlp/usr/servers/restful-web-service/apps/restful-web-service.war.xml.
[31/05/2022 14:26:16:880 BRT] 0000002f com.ibm.ws.session.WASSessionCore                            I SESN0176I: Um novo contexto de sessão será criado para a chave do aplicativo default_host/metrics
[31/05/2022 14:26:16:880 BRT] 00000025 com.ibm.ws.session.WASSessionCore                            I SESN0176I: Um novo contexto de sessão será criado para a chave do aplicativo default_host/ibm/api
[31/05/2022 14:26:16:880 BRT] 00000024 com.ibm.ws.session.WASSessionCore                            I SESN0176I: Um novo contexto de sessão será criado para a chave do aplicativo default_host/health
[31/05/2022 14:26:16:881 BRT] 00000028 com.ibm.ws.session.WASSessionCore                            I SESN0176I: Um novo contexto de sessão será criado para a chave do aplicativo default_host/openapi
[31/05/2022 14:26:16:881 BRT] 0000002e com.ibm.ws.session.WASSessionCore                            I SESN0176I: Um novo contexto de sessão será criado para a chave do aplicativo default_host/openapi/ui
[31/05/2022 14:26:16:974 BRT] 0000002f com.ibm.ws.util                                              I SESN0172I: O gerenciador de sessões está usando a implementação SecureRandom padrão Java para geração do ID de sessão.
[31/05/2022 14:26:16:991 BRT] 0000002e com.ibm.ws.util                                              I SESN0172I: O gerenciador de sessões está usando a implementação SecureRandom padrão Java para geração do ID de sessão.
[31/05/2022 14:26:17:001 BRT] 00000028 com.ibm.ws.util                                              I SESN0172I: O gerenciador de sessões está usando a implementação SecureRandom padrão Java para geração do ID de sessão.
[31/05/2022 14:26:17:003 BRT] 00000024 com.ibm.ws.util                                              I SESN0172I: O gerenciador de sessões está usando a implementação SecureRandom padrão Java para geração do ID de sessão.
[31/05/2022 14:26:17:004 BRT] 00000025 com.ibm.ws.util                                              I SESN0172I: O gerenciador de sessões está usando a implementação SecureRandom padrão Java para geração do ID de sessão.
[31/05/2022 14:26:17:146 BRT] 0000002e com.ibm.ws.cache.CacheServiceImpl                            I DYNA1056I: Cache Dinâmico (cache de objeto) inicializado com êxito.
[31/05/2022 14:26:17:183 BRT] 00000026 com.ibm.ws.session.WASSessionCore                            I SESN0176I: Um novo contexto de sessão será criado para a chave do aplicativo default_host/jwt
[31/05/2022 14:26:17:183 BRT] 00000026 com.ibm.ws.util                                              I SESN0172I: O gerenciador de sessões está usando a implementação SecureRandom padrão Java para geração do ID de sessão.
[31/05/2022 14:26:17:425 BRT] 0000002f com.ibm.ws.webcontainer.servlet                              I SRVE0242I: [io.openliberty.microprofile.metrics.internal.public] [/metrics] [PublicMetricsRESTProxyServlet]: Inicialização bem sucedida.
[31/05/2022 14:26:17:429 BRT] 00000028 com.ibm.ws.webcontainer.servlet                              I SRVE0242I: [io.openliberty.microprofile.openapi.2.0.internal] [/openapi] [ApplicationServlet]: Inicialização bem sucedida.
[31/05/2022 14:26:17:429 BRT] 00000024 com.ibm.ws.webcontainer.servlet                              I SRVE0242I: [io.openliberty.microprofile.health.3.1.internal] [/health] [HealthCheckReadinessServlet]: Inicialização bem sucedida.
[31/05/2022 14:26:17:432 BRT] 00000024 com.ibm.ws.webcontainer.servlet                              I SRVE0242I: [io.openliberty.microprofile.health.3.1.internal] [/health] [HealthCheckServlet]: Inicialização bem sucedida.
[31/05/2022 14:26:17:433 BRT] 00000024 com.ibm.ws.webcontainer.servlet                              I SRVE0242I: [io.openliberty.microprofile.health.3.1.internal] [/health] [HealthCheckStartupServlet]: Inicialização bem sucedida.
[31/05/2022 14:26:17:435 BRT] 00000024 com.ibm.ws.webcontainer.servlet                              I SRVE0242I: [io.openliberty.microprofile.health.3.1.internal] [/health] [HealthCheckLivenessServlet]: Inicialização bem sucedida.
[31/05/2022 14:26:18:003 BRT] 00000026 com.ibm.ws.webcontainer.osgi.mbeans.PluginGenerator          I SRVE9103I: Um arquivo de configuração para um plug-in de servidor da web foi automaticamente gerado para este servidor em /home/mario/dev/pw2/restful-web-service/target/liberty/wlp/usr/servers/restful-web-service/logs/state/plugin-cfg.xml.
[31/05/2022 14:26:19:144 BRT] 0000002a liberty.microprofile.openapi20.internal.ApplicationProcessor I CWWKO1660I: O aplicativo restful-web-service foi processado e um documento OpenAPI foi produzido.
[31/05/2022 14:26:19:182 BRT] 0000002a org.jboss.weld.Version                                       I WELD-000900: 3.1.9 (Final)
[31/05/2022 14:26:21:422 BRT] 0000002a com.ibm.ws.webcontainer.osgi.webapp.WebGroup                 I SRVE0169I: Carregando o Módulo da Web: restful-web-service.
[31/05/2022 14:26:21:423 BRT] 0000002a com.ibm.ws.webcontainer                                      I SRVE0250I: O Módulo da Web restful-web-service foi ligado ao default_host.
[31/05/2022 14:26:21:423 BRT] 0000002a com.ibm.ws.http.internal.VirtualHostImpl                     A CWWKT0016I: Aplicativo da Web disponível (default_host): http://localhost:9080/
[31/05/2022 14:26:21:435 BRT] 00000024 com.ibm.ws.session.WASSessionCore                            I SESN0176I: Um novo contexto de sessão será criado para a chave do aplicativo default_host/
[31/05/2022 14:26:21:436 BRT] 00000024 com.ibm.ws.util                                              I SESN0172I: O gerenciador de sessões está usando a implementação SecureRandom padrão Java para geração do ID de sessão.
[31/05/2022 14:26:21:491 BRT] 00000024 com.ibm.ws.app.manager.AppMessageHelper                      A CWWKZ0001I: O aplicativo restful-web-service foi iniciado em 4,680 segundos.
[31/05/2022 14:26:21:529 BRT] 0000002a com.ibm.ws.webcontainer.osgi.mbeans.PluginGenerator          I SRVE9103I: Um arquivo de configuração para um plug-in de servidor da web foi automaticamente gerado para este servidor em /home/mario/dev/pw2/restful-web-service/target/liberty/wlp/usr/servers/restful-web-service/logs/state/plugin-cfg.xml.
[31/05/2022 14:26:21:531 BRT] 00000023 com.ibm.ws.tcpchannel.internal.TCPPort                       I CWWKO0219I: O Canal TCP defaultHttpEndpoint foi iniciado e agora está atendendo solicitações no host localhost  (IPv4: 127.0.0.1) porta 9080.
[31/05/2022 14:26:21:534 BRT] 00000023 com.ibm.ws.tcpchannel.internal.TCPPort                       I CWWKO0219I: O Canal TCP defaultHttpEndpoint-ssl foi iniciado e agora está atendendo solicitações no host localhost  (IPv4: 127.0.0.1) porta 9443.
[31/05/2022 14:26:21:547 BRT] 00000023 com.ibm.ws.kernel.feature.internal.FeatureManager            A CWWKF0012I: O servidor instalou os recursos a seguir: [appSecurity-3.0, cdi-2.0, distributedMap-1.0, el-3.0, jaxrs-2.1, jaxrsClient-2.1, jndi-1.0, json-1.0, jsonb-1.0, jsonp-1.1, jwt-1.0, microProfile-4.1, monitor-1.0, mpConfig-2.0, mpFaultTolerance-3.0, mpHealth-3.1, mpJwt-1.2, mpMetrics-3.0, mpOpenAPI-2.0, mpOpenTracing-2.0, mpRestClient-2.0, opentracing-2.0, servlet-4.0, ssl-1.0].
[31/05/2022 14:26:21:551 BRT] 00000023 com.ibm.ws.kernel.feature.internal.FeatureManager            I CWWKF0008I: Atualização do recurso concluída em 8,902 segundos.
[31/05/2022 14:26:21:553 BRT] 00000023 com.ibm.ws.kernel.feature.internal.FeatureManager            A CWWKF0011I: O servidor restful-web-service está pronto para gerenciar um planeta mais inteligente. O servidor restful-web-service foi iniciado em 10,322 segundos.
[31/05/2022 14:26:23:877 BRT] 00000025 com.ibm.ws.http.internal.VirtualHostImpl                     A CWWKT0017I: Aplicativo da Web removido (default_host): http://localhost:9080/
[31/05/2022 14:26:23:916 BRT] 00000025 com.ibm.ws.app.manager.AppMessageHelper                      A CWWKZ0009I: O aplicativo restful-web-service foi interrompido com sucesso.
[31/05/2022 14:26:23:924 BRT] 00000025 com.ibm.ws.app.manager.AppMessageHelper                      I CWWKZ0018I: Iniciando o aplicativo restful-web-service.
[31/05/2022 14:26:23:924 BRT] 00000025 bm.ws.app.manager.war.internal.WARDeployedAppInfoFactoryImpl I CWWKZ0134I: O aplicativo restful-web-service está usando a definição de aplicativo indefinido no local /home/mario/dev/pw2/restful-web-service/target/liberty/wlp/usr/servers/restful-web-service/apps/restful-web-service.war.xml.
[31/05/2022 14:26:23:961 BRT] 00000028 com.ibm.ws.webcontainer.osgi.mbeans.PluginGenerator          I SRVE9103I: Um arquivo de configuração para um plug-in de servidor da web foi automaticamente gerado para este servidor em /home/mario/dev/pw2/restful-web-service/target/liberty/wlp/usr/servers/restful-web-service/logs/state/plugin-cfg.xml.
[31/05/2022 14:26:24:656 BRT] 00000025 liberty.microprofile.openapi20.internal.ApplicationProcessor I CWWKO1660I: O aplicativo restful-web-service foi processado e um documento OpenAPI foi produzido.
[31/05/2022 14:26:25:249 BRT] 00000025 com.ibm.ws.webcontainer.osgi.webapp.WebGroup                 I SRVE0169I: Carregando o Módulo da Web: restful-web-service.
[31/05/2022 14:26:25:249 BRT] 00000025 com.ibm.ws.webcontainer                                      I SRVE0250I: O Módulo da Web restful-web-service foi ligado ao default_host.
[31/05/2022 14:26:25:249 BRT] 00000025 com.ibm.ws.http.internal.VirtualHostImpl                     A CWWKT0016I: Aplicativo da Web disponível (default_host): http://localhost:9080/
[31/05/2022 14:26:25:258 BRT] 0000002f com.ibm.ws.session.WASSessionCore                            I SESN0176I: Um novo contexto de sessão será criado para a chave do aplicativo default_host/
[31/05/2022 14:26:25:259 BRT] 0000002f com.ibm.ws.util                                              I SESN0172I: O gerenciador de sessões está usando a implementação SecureRandom padrão Java para geração do ID de sessão.
[31/05/2022 14:26:25:269 BRT] 00000025 com.ibm.ws.app.manager.AppMessageHelper                      A CWWKZ0003I: O aplicativo restful-web-service foi atualizado em 1,345 segundos.
[31/05/2022 14:26:25:289 BRT] 00000028 com.ibm.ws.webcontainer.osgi.mbeans.PluginGenerator          I SRVE9103I: Um arquivo de configuração para um plug-in de servidor da web foi automaticamente gerado para este servidor em /home/mario/dev/pw2/restful-web-service/target/liberty/wlp/usr/servers/restful-web-service/logs/state/plugin-cfg.xml.
[31/05/2022 14:30:12:740 BRT] 00000026 .apache.cxf.cxf.core.3.2:1.0.64.cl220520220425-0301(id=125)] I Setting the server's publish address to be /data/
[31/05/2022 14:30:12:815 BRT] 00000026 com.ibm.ws.webcontainer.servlet                              I SRVE0242I: [restful-web-service] [/] [dev.ifrs.restful.web.service.RestApplication]: Inicialização bem sucedida.
[31/05/2022 14:30:13:073 BRT] 00000026 io.jaegertracing.Configuration                               I Initialized tracer=JaegerTracer(version=Java-1.5.0, serviceName=restful-web-service, reporter=RemoteReporter(sender=UdpSender(host=localhost, port=6831), closeEnqueueTimeout=1000), sampler=RemoteControlledSampler(maxOperations=2000, manager=HttpSamplingManager(hostPort=localhost:5778), sampler=ProbabilisticSampler(tags={sampler.type=probabilistic, sampler.param=0.001})), tags={hostname=ASUS-X555LB, jaeger.version=Java-1.5.0, ip=127.0.1.1}, zipkinSharedRpcSpan=false, expandExceptionLogs=false, useTraceId128Bit=false)
[31/05/2022 14:30:13:074 BRT] 00000026 m.ibm.ws.microprofile.opentracing.jaeger.JaegerTracerFactory I CWMOT1001I: Uma instância de JaegerTracer foi criada para o aplicativo restful-web-service. As informações de rastreio são enviadas para localhost:6831.
[31/05/2022 14:32:40:408 BRT] 00000028 com.ibm.ws.http.internal.VirtualHostImpl                     A CWWKT0017I: Aplicativo da Web removido (default_host): http://localhost:9080/
[31/05/2022 14:32:40:415 BRT] 00000028 com.ibm.ws.webcontainer.servlet                              I SRVE0253I: [restful-web-service] [/] [dev.ifrs.restful.web.service.RestApplication]: Destruição bem sucedida.
[31/05/2022 14:32:40:437 BRT] 00000028 com.ibm.ws.app.manager.AppMessageHelper                      A CWWKZ0009I: O aplicativo restful-web-service foi interrompido com sucesso.
[31/05/2022 14:32:40:457 BRT] 00000028 com.ibm.ws.app.manager.AppMessageHelper                      I CWWKZ0018I: Iniciando o aplicativo restful-web-service.
[31/05/2022 14:32:40:457 BRT] 00000028 bm.ws.app.manager.war.internal.WARDeployedAppInfoFactoryImpl I CWWKZ0134I: O aplicativo restful-web-service está usando a definição de aplicativo indefinido no local /home/mario/dev/pw2/restful-web-service/target/liberty/wlp/usr/servers/restful-web-service/apps/restful-web-service.war.xml.
[31/05/2022 14:32:40:489 BRT] 00000025 com.ibm.ws.webcontainer.osgi.mbeans.PluginGenerator          I SRVE9103I: Um arquivo de configuração para um plug-in de servidor da web foi automaticamente gerado para este servidor em /home/mario/dev/pw2/restful-web-service/target/liberty/wlp/usr/servers/restful-web-service/logs/state/plugin-cfg.xml.
[31/05/2022 14:32:41:532 BRT] 00000028 liberty.microprofile.openapi20.internal.ApplicationProcessor I CWWKO1660I: O aplicativo restful-web-service foi processado e um documento OpenAPI foi produzido.
[31/05/2022 14:32:42:105 BRT] 00000028 com.ibm.ws.webcontainer.osgi.webapp.WebGroup                 I SRVE0169I: Carregando o Módulo da Web: restful-web-service.
[31/05/2022 14:32:42:106 BRT] 00000028 com.ibm.ws.webcontainer                                      I SRVE0250I: O Módulo da Web restful-web-service foi ligado ao default_host.
[31/05/2022 14:32:42:106 BRT] 00000028 com.ibm.ws.http.internal.VirtualHostImpl                     A CWWKT0016I: Aplicativo da Web disponível (default_host): http://localhost:9080/
[31/05/2022 14:32:42:108 BRT] 00000028 com.ibm.ws.session.WASSessionCore                            I SESN0176I: Um novo contexto de sessão será criado para a chave do aplicativo default_host/
[31/05/2022 14:32:42:108 BRT] 00000028 com.ibm.ws.util                                              I SESN0172I: O gerenciador de sessões está usando a implementação SecureRandom padrão Java para geração do ID de sessão.
[31/05/2022 14:32:42:123 BRT] 00000028 com.ibm.ws.app.manager.AppMessageHelper                      A CWWKZ0003I: O aplicativo restful-web-service foi atualizado em 1,666 segundos.
[31/05/2022 14:32:42:151 BRT] 0000002e com.ibm.ws.webcontainer.osgi.mbeans.PluginGenerator          I SRVE9103I: Um arquivo de configuração para um plug-in de servidor da web foi automaticamente gerado para este servidor em /home/mario/dev/pw2/restful-web-service/target/liberty/wlp/usr/servers/restful-web-service/logs/state/plugin-cfg.xml.
[31/05/2022 14:32:46:709 BRT] 00000028 .apache.cxf.cxf.core.3.2:1.0.64.cl220520220425-0301(id=125)] I Setting the server's publish address to be /data/
[31/05/2022 14:32:46:719 BRT] 00000028 com.ibm.ws.webcontainer.servlet                              I SRVE0242I: [restful-web-service] [/] [dev.ifrs.restful.web.service.RestApplication]: Inicialização bem sucedida.
[31/05/2022 14:32:46:860 BRT] 00000028 io.jaegertracing.Configuration                               I Initialized tracer=JaegerTracer(version=Java-1.5.0, serviceName=restful-web-service, reporter=RemoteReporter(sender=UdpSender(host=localhost, port=6831), closeEnqueueTimeout=1000), sampler=RemoteControlledSampler(maxOperations=2000, manager=HttpSamplingManager(hostPort=localhost:5778), sampler=ProbabilisticSampler(tags={sampler.type=probabilistic, sampler.param=0.001})), tags={hostname=ASUS-X555LB, jaeger.version=Java-1.5.0, ip=127.0.1.1}, zipkinSharedRpcSpan=false, expandExceptionLogs=false, useTraceId128Bit=false)
[31/05/2022 14:32:46:861 BRT] 00000028 m.ibm.ws.microprofile.opentracing.jaeger.JaegerTracerFactory I CWMOT1001I: Uma instância de JaegerTracer foi criada para o aplicativo restful-web-service. As informações de rastreio são enviadas para localhost:6831.
[31/05/2022 14:33:59:606 BRT] 00000024 com.ibm.ws.http.internal.VirtualHostImpl                     A CWWKT0017I: Aplicativo da Web removido (default_host): http://localhost:9080/
[31/05/2022 14:33:59:617 BRT] 00000024 com.ibm.ws.webcontainer.servlet                              I SRVE0253I: [restful-web-service] [/] [dev.ifrs.restful.web.service.RestApplication]: Destruição bem sucedida.
[31/05/2022 14:33:59:642 BRT] 00000024 com.ibm.ws.app.manager.AppMessageHelper                      A CWWKZ0009I: O aplicativo restful-web-service foi interrompido com sucesso.
[31/05/2022 14:33:59:652 BRT] 00000024 com.ibm.ws.app.manager.AppMessageHelper                      I CWWKZ0018I: Iniciando o aplicativo restful-web-service.
[31/05/2022 14:33:59:655 BRT] 00000024 bm.ws.app.manager.war.internal.WARDeployedAppInfoFactoryImpl I CWWKZ0134I: O aplicativo restful-web-service está usando a definição de aplicativo indefinido no local /home/mario/dev/pw2/restful-web-service/target/liberty/wlp/usr/servers/restful-web-service/apps/restful-web-service.war.xml.
[31/05/2022 14:33:59:672 BRT] 00000023 com.ibm.ws.webcontainer.osgi.mbeans.PluginGenerator          I SRVE9103I: Um arquivo de configuração para um plug-in de servidor da web foi automaticamente gerado para este servidor em /home/mario/dev/pw2/restful-web-service/target/liberty/wlp/usr/servers/restful-web-service/logs/state/plugin-cfg.xml.
[31/05/2022 14:34:00:464 BRT] 00000024 liberty.microprofile.openapi20.internal.ApplicationProcessor I CWWKO1660I: O aplicativo restful-web-service foi processado e um documento OpenAPI foi produzido.
[31/05/2022 14:34:01:180 BRT] 00000024 com.ibm.ws.webcontainer.osgi.webapp.WebGroup                 I SRVE0169I: Carregando o Módulo da Web: restful-web-service.
[31/05/2022 14:34:01:181 BRT] 00000024 com.ibm.ws.webcontainer                                      I SRVE0250I: O Módulo da Web restful-web-service foi ligado ao default_host.
[31/05/2022 14:34:01:181 BRT] 00000024 com.ibm.ws.http.internal.VirtualHostImpl                     A CWWKT0016I: Aplicativo da Web disponível (default_host): http://localhost:9080/
[31/05/2022 14:34:01:200 BRT] 0000002f com.ibm.ws.session.WASSessionCore                            I SESN0176I: Um novo contexto de sessão será criado para a chave do aplicativo default_host/
[31/05/2022 14:34:01:201 BRT] 0000002f com.ibm.ws.util                                              I SESN0172I: O gerenciador de sessões está usando a implementação SecureRandom padrão Java para geração do ID de sessão.
[31/05/2022 14:34:01:216 BRT] 0000002f com.ibm.ws.app.manager.AppMessageHelper                      A CWWKZ0003I: O aplicativo restful-web-service foi atualizado em 1,564 segundos.
[31/05/2022 14:34:01:225 BRT] 0000002e com.ibm.ws.webcontainer.osgi.mbeans.PluginGenerator          I SRVE9103I: Um arquivo de configuração para um plug-in de servidor da web foi automaticamente gerado para este servidor em /home/mario/dev/pw2/restful-web-service/target/liberty/wlp/usr/servers/restful-web-service/logs/state/plugin-cfg.xml.
[31/05/2022 14:34:08:714 BRT] 0000002e .apache.cxf.cxf.core.3.2:1.0.64.cl220520220425-0301(id=125)] I Setting the server's publish address to be /data/
[31/05/2022 14:34:08:722 BRT] 0000002e com.ibm.ws.webcontainer.servlet                              I SRVE0242I: [restful-web-service] [/] [dev.ifrs.restful.web.service.RestApplication]: Inicialização bem sucedida.
[31/05/2022 14:34:08:856 BRT] 0000002e io.jaegertracing.Configuration                               I Initialized tracer=JaegerTracer(version=Java-1.5.0, serviceName=restful-web-service, reporter=RemoteReporter(sender=UdpSender(host=localhost, port=6831), closeEnqueueTimeout=1000), sampler=RemoteControlledSampler(maxOperations=2000, manager=HttpSamplingManager(hostPort=localhost:5778), sampler=ProbabilisticSampler(tags={sampler.type=probabilistic, sampler.param=0.001})), tags={hostname=ASUS-X555LB, jaeger.version=Java-1.5.0, ip=127.0.1.1}, zipkinSharedRpcSpan=false, expandExceptionLogs=false, useTraceId128Bit=false)
[31/05/2022 14:34:08:856 BRT] 0000002e m.ibm.ws.microprofile.opentracing.jaeger.JaegerTracerFactory I CWMOT1001I: Uma instância de JaegerTracer foi criada para o aplicativo restful-web-service. As informações de rastreio são enviadas para localhost:6831.
[31/05/2022 14:34:08:863 BRT] 0000002e SystemOut                                                    O 0.0
[31/05/2022 14:34:42:754 BRT] 00000028 com.ibm.ws.http.internal.VirtualHostImpl                     A CWWKT0017I: Aplicativo da Web removido (default_host): http://localhost:9080/
[31/05/2022 14:34:42:756 BRT] 00000028 com.ibm.ws.webcontainer.servlet                              I SRVE0253I: [restful-web-service] [/] [dev.ifrs.restful.web.service.RestApplication]: Destruição bem sucedida.
[31/05/2022 14:34:42:791 BRT] 00000028 com.ibm.ws.app.manager.AppMessageHelper                      A CWWKZ0009I: O aplicativo restful-web-service foi interrompido com sucesso.
[31/05/2022 14:34:42:808 BRT] 00000028 com.ibm.ws.app.manager.AppMessageHelper                      I CWWKZ0018I: Iniciando o aplicativo restful-web-service.
[31/05/2022 14:34:42:808 BRT] 00000028 bm.ws.app.manager.war.internal.WARDeployedAppInfoFactoryImpl I CWWKZ0134I: O aplicativo restful-web-service está usando a definição de aplicativo indefinido no local /home/mario/dev/pw2/restful-web-service/target/liberty/wlp/usr/servers/restful-web-service/apps/restful-web-service.war.xml.
[31/05/2022 14:34:42:846 BRT] 0000002a com.ibm.ws.webcontainer.osgi.mbeans.PluginGenerator          I SRVE9103I: Um arquivo de configuração para um plug-in de servidor da web foi automaticamente gerado para este servidor em /home/mario/dev/pw2/restful-web-service/target/liberty/wlp/usr/servers/restful-web-service/logs/state/plugin-cfg.xml.
[31/05/2022 14:34:43:673 BRT] 00000028 liberty.microprofile.openapi20.internal.ApplicationProcessor I CWWKO1660I: O aplicativo restful-web-service foi processado e um documento OpenAPI foi produzido.
[31/05/2022 14:34:44:208 BRT] 00000028 com.ibm.ws.webcontainer.osgi.webapp.WebGroup                 I SRVE0169I: Carregando o Módulo da Web: restful-web-service.
[31/05/2022 14:34:44:208 BRT] 00000028 com.ibm.ws.webcontainer                                      I SRVE0250I: O Módulo da Web restful-web-service foi ligado ao default_host.
[31/05/2022 14:34:44:208 BRT] 00000028 com.ibm.ws.http.internal.VirtualHostImpl                     A CWWKT0016I: Aplicativo da Web disponível (default_host): http://localhost:9080/
[31/05/2022 14:34:44:218 BRT] 00000024 com.ibm.ws.session.WASSessionCore                            I SESN0176I: Um novo contexto de sessão será criado para a chave do aplicativo default_host/
[31/05/2022 14:34:44:219 BRT] 00000024 com.ibm.ws.util                                              I SESN0172I: O gerenciador de sessões está usando a implementação SecureRandom padrão Java para geração do ID de sessão.
[31/05/2022 14:34:44:253 BRT] 00000028 com.ibm.ws.app.manager.AppMessageHelper                      A CWWKZ0003I: O aplicativo restful-web-service foi atualizado em 1,444 segundos.
[31/05/2022 14:34:44:274 BRT] 00000028 com.ibm.ws.http.internal.VirtualHostImpl                     A CWWKT0017I: Aplicativo da Web removido (default_host): http://localhost:9080/
[31/05/2022 14:34:44:278 BRT] 00000025 com.ibm.ws.webcontainer.osgi.mbeans.PluginGenerator          I SRVE9103I: Um arquivo de configuração para um plug-in de servidor da web foi automaticamente gerado para este servidor em /home/mario/dev/pw2/restful-web-service/target/liberty/wlp/usr/servers/restful-web-service/logs/state/plugin-cfg.xml.
[31/05/2022 14:34:44:291 BRT] 00000028 com.ibm.ws.app.manager.AppMessageHelper                      A CWWKZ0009I: O aplicativo restful-web-service foi interrompido com sucesso.
[31/05/2022 14:34:44:297 BRT] 00000028 com.ibm.ws.app.manager.AppMessageHelper                      I CWWKZ0018I: Iniciando o aplicativo restful-web-service.
[31/05/2022 14:34:44:305 BRT] 00000028 bm.ws.app.manager.war.internal.WARDeployedAppInfoFactoryImpl I CWWKZ0134I: O aplicativo restful-web-service está usando a definição de aplicativo indefinido no local /home/mario/dev/pw2/restful-web-service/target/liberty/wlp/usr/servers/restful-web-service/apps/restful-web-service.war.xml.
[31/05/2022 14:34:44:326 BRT] 00000023 com.ibm.ws.webcontainer.osgi.mbeans.PluginGenerator          I SRVE9103I: Um arquivo de configuração para um plug-in de servidor da web foi automaticamente gerado para este servidor em /home/mario/dev/pw2/restful-web-service/target/liberty/wlp/usr/servers/restful-web-service/logs/state/plugin-cfg.xml.
[31/05/2022 14:34:45:395 BRT] 00000028 liberty.microprofile.openapi20.internal.ApplicationProcessor I CWWKO1660I: O aplicativo restful-web-service foi processado e um documento OpenAPI foi produzido.
[31/05/2022 14:34:46:078 BRT] 00000028 com.ibm.ws.webcontainer.osgi.webapp.WebGroup                 I SRVE0169I: Carregando o Módulo da Web: restful-web-service.
[31/05/2022 14:34:46:089 BRT] 00000028 com.ibm.ws.webcontainer                                      I SRVE0250I: O Módulo da Web restful-web-service foi ligado ao default_host.
[31/05/2022 14:34:46:089 BRT] 00000028 com.ibm.ws.http.internal.VirtualHostImpl                     A CWWKT0016I: Aplicativo da Web disponível (default_host): http://localhost:9080/
[31/05/2022 14:34:46:097 BRT] 00000024 com.ibm.ws.session.WASSessionCore                            I SESN0176I: Um novo contexto de sessão será criado para a chave do aplicativo default_host/
[31/05/2022 14:34:46:098 BRT] 00000024 com.ibm.ws.util                                              I SESN0172I: O gerenciador de sessões está usando a implementação SecureRandom padrão Java para geração do ID de sessão.
[31/05/2022 14:34:46:119 BRT] 00000024 com.ibm.ws.app.manager.AppMessageHelper                      A CWWKZ0003I: O aplicativo restful-web-service foi atualizado em 1,822 segundos.
[31/05/2022 14:34:46:171 BRT] 00000028 com.ibm.ws.webcontainer.osgi.mbeans.PluginGenerator          I SRVE9103I: Um arquivo de configuração para um plug-in de servidor da web foi automaticamente gerado para este servidor em /home/mario/dev/pw2/restful-web-service/target/liberty/wlp/usr/servers/restful-web-service/logs/state/plugin-cfg.xml.
[31/05/2022 14:34:59:383 BRT] 00000026 com.ibm.ws.http.internal.VirtualHostImpl                     A CWWKT0017I: Aplicativo da Web removido (default_host): http://localhost:9080/
[31/05/2022 14:34:59:394 BRT] 00000026 com.ibm.ws.app.manager.AppMessageHelper                      A CWWKZ0009I: O aplicativo restful-web-service foi interrompido com sucesso.
[31/05/2022 14:34:59:408 BRT] 00000026 com.ibm.ws.app.manager.AppMessageHelper                      I CWWKZ0018I: Iniciando o aplicativo restful-web-service.
[31/05/2022 14:34:59:408 BRT] 00000026 bm.ws.app.manager.war.internal.WARDeployedAppInfoFactoryImpl I CWWKZ0134I: O aplicativo restful-web-service está usando a definição de aplicativo indefinido no local /home/mario/dev/pw2/restful-web-service/target/liberty/wlp/usr/servers/restful-web-service/apps/restful-web-service.war.xml.
[31/05/2022 14:34:59:446 BRT] 0000002a com.ibm.ws.webcontainer.osgi.mbeans.PluginGenerator          I SRVE9103I: Um arquivo de configuração para um plug-in de servidor da web foi automaticamente gerado para este servidor em /home/mario/dev/pw2/restful-web-service/target/liberty/wlp/usr/servers/restful-web-service/logs/state/plugin-cfg.xml.
[31/05/2022 14:35:00:526 BRT] 00000026 liberty.microprofile.openapi20.internal.ApplicationProcessor I CWWKO1660I: O aplicativo restful-web-service foi processado e um documento OpenAPI foi produzido.
[31/05/2022 14:35:01:092 BRT] 00000026 com.ibm.ws.webcontainer.osgi.webapp.WebGroup                 I SRVE0169I: Carregando o Módulo da Web: restful-web-service.
[31/05/2022 14:35:01:092 BRT] 00000026 com.ibm.ws.webcontainer                                      I SRVE0250I: O Módulo da Web restful-web-service foi ligado ao default_host.
[31/05/2022 14:35:01:093 BRT] 00000026 com.ibm.ws.http.internal.VirtualHostImpl                     A CWWKT0016I: Aplicativo da Web disponível (default_host): http://localhost:9080/
[31/05/2022 14:35:01:108 BRT] 00000023 com.ibm.ws.session.WASSessionCore                            I SESN0176I: Um novo contexto de sessão será criado para a chave do aplicativo default_host/
[31/05/2022 14:35:01:109 BRT] 00000023 com.ibm.ws.util                                              I SESN0172I: O gerenciador de sessões está usando a implementação SecureRandom padrão Java para geração do ID de sessão.
[31/05/2022 14:35:01:119 BRT] 00000023 com.ibm.ws.app.manager.AppMessageHelper                      A CWWKZ0003I: O aplicativo restful-web-service foi atualizado em 1,711 segundos.
[31/05/2022 14:35:01:157 BRT] 00000026 com.ibm.ws.webcontainer.osgi.mbeans.PluginGenerator          I SRVE9103I: Um arquivo de configuração para um plug-in de servidor da web foi automaticamente gerado para este servidor em /home/mario/dev/pw2/restful-web-service/target/liberty/wlp/usr/servers/restful-web-service/logs/state/plugin-cfg.xml.
[31/05/2022 14:35:04:597 BRT] 00000023 .apache.cxf.cxf.core.3.2:1.0.64.cl220520220425-0301(id=125)] I Setting the server's publish address to be /data/
[31/05/2022 14:35:04:605 BRT] 00000023 com.ibm.ws.webcontainer.servlet                              I SRVE0242I: [restful-web-service] [/] [dev.ifrs.restful.web.service.RestApplication]: Inicialização bem sucedida.
[31/05/2022 14:35:04:748 BRT] 00000023 io.jaegertracing.Configuration                               I Initialized tracer=JaegerTracer(version=Java-1.5.0, serviceName=restful-web-service, reporter=RemoteReporter(sender=UdpSender(host=localhost, port=6831), closeEnqueueTimeout=1000), sampler=RemoteControlledSampler(maxOperations=2000, manager=HttpSamplingManager(hostPort=localhost:5778), sampler=ProbabilisticSampler(tags={sampler.type=probabilistic, sampler.param=0.001})), tags={hostname=ASUS-X555LB, jaeger.version=Java-1.5.0, ip=127.0.1.1}, zipkinSharedRpcSpan=false, expandExceptionLogs=false, useTraceId128Bit=false)
[31/05/2022 14:35:04:749 BRT] 00000023 m.ibm.ws.microprofile.opentracing.jaeger.JaegerTracerFactory I CWMOT1001I: Uma instância de JaegerTracer foi criada para o aplicativo restful-web-service. As informações de rastreio são enviadas para localhost:6831.
[31/05/2022 14:35:04:758 BRT] 00000023 SystemOut                                                    O VELOCIDADE0.0
[31/05/2022 14:35:13:490 BRT] 0000002a com.ibm.ws.http.internal.VirtualHostImpl                     A CWWKT0017I: Aplicativo da Web removido (default_host): http://localhost:9080/
[31/05/2022 14:35:13:496 BRT] 0000002a com.ibm.ws.webcontainer.servlet                              I SRVE0253I: [restful-web-service] [/] [dev.ifrs.restful.web.service.RestApplication]: Destruição bem sucedida.
[31/05/2022 14:35:13:540 BRT] 0000002a com.ibm.ws.app.manager.AppMessageHelper                      A CWWKZ0009I: O aplicativo restful-web-service foi interrompido com sucesso.
[31/05/2022 14:35:13:551 BRT] 0000002a com.ibm.ws.app.manager.AppMessageHelper                      I CWWKZ0018I: Iniciando o aplicativo restful-web-service.
[31/05/2022 14:35:13:552 BRT] 0000002a bm.ws.app.manager.war.internal.WARDeployedAppInfoFactoryImpl I CWWKZ0134I: O aplicativo restful-web-service está usando a definição de aplicativo indefinido no local /home/mario/dev/pw2/restful-web-service/target/liberty/wlp/usr/servers/restful-web-service/apps/restful-web-service.war.xml.
[31/05/2022 14:35:13:555 BRT] 00000025 com.ibm.ws.webcontainer.osgi.mbeans.PluginGenerator          I SRVE9103I: Um arquivo de configuração para um plug-in de servidor da web foi automaticamente gerado para este servidor em /home/mario/dev/pw2/restful-web-service/target/liberty/wlp/usr/servers/restful-web-service/logs/state/plugin-cfg.xml.
[31/05/2022 14:35:14:195 BRT] 0000002a liberty.microprofile.openapi20.internal.ApplicationProcessor I CWWKO1660I: O aplicativo restful-web-service foi processado e um documento OpenAPI foi produzido.
[31/05/2022 14:35:14:558 BRT] 0000002a com.ibm.ws.webcontainer.osgi.webapp.WebGroup                 I SRVE0169I: Carregando o Módulo da Web: restful-web-service.
[31/05/2022 14:35:14:558 BRT] 0000002a com.ibm.ws.webcontainer                                      I SRVE0250I: O Módulo da Web restful-web-service foi ligado ao default_host.
[31/05/2022 14:35:14:558 BRT] 0000002a com.ibm.ws.http.internal.VirtualHostImpl                     A CWWKT0016I: Aplicativo da Web disponível (default_host): http://localhost:9080/
[31/05/2022 14:35:14:559 BRT] 0000002a com.ibm.ws.session.WASSessionCore                            I SESN0176I: Um novo contexto de sessão será criado para a chave do aplicativo default_host/
[31/05/2022 14:35:14:559 BRT] 0000002a com.ibm.ws.util                                              I SESN0172I: O gerenciador de sessões está usando a implementação SecureRandom padrão Java para geração do ID de sessão.
[31/05/2022 14:35:14:568 BRT] 0000002a com.ibm.ws.app.manager.AppMessageHelper                      A CWWKZ0003I: O aplicativo restful-web-service foi atualizado em 1,016 segundos.
[31/05/2022 14:35:14:591 BRT] 00000028 com.ibm.ws.webcontainer.osgi.mbeans.PluginGenerator          I SRVE9103I: Um arquivo de configuração para um plug-in de servidor da web foi automaticamente gerado para este servidor em /home/mario/dev/pw2/restful-web-service/target/liberty/wlp/usr/servers/restful-web-service/logs/state/plugin-cfg.xml.
[31/05/2022 14:35:51:743 BRT] 0000002a com.ibm.ws.http.internal.VirtualHostImpl                     A CWWKT0017I: Aplicativo da Web removido (default_host): http://localhost:9080/
[31/05/2022 14:35:51:752 BRT] 0000002a com.ibm.ws.app.manager.AppMessageHelper                      A CWWKZ0009I: O aplicativo restful-web-service foi interrompido com sucesso.
[31/05/2022 14:35:51:759 BRT] 0000002a com.ibm.ws.app.manager.AppMessageHelper                      I CWWKZ0018I: Iniciando o aplicativo restful-web-service.
[31/05/2022 14:35:51:759 BRT] 0000002a bm.ws.app.manager.war.internal.WARDeployedAppInfoFactoryImpl I CWWKZ0134I: O aplicativo restful-web-service está usando a definição de aplicativo indefinido no local /home/mario/dev/pw2/restful-web-service/target/liberty/wlp/usr/servers/restful-web-service/apps/restful-web-service.war.xml.
[31/05/2022 14:35:51:782 BRT] 00000028 com.ibm.ws.webcontainer.osgi.mbeans.PluginGenerator          I SRVE9103I: Um arquivo de configuração para um plug-in de servidor da web foi automaticamente gerado para este servidor em /home/mario/dev/pw2/restful-web-service/target/liberty/wlp/usr/servers/restful-web-service/logs/state/plugin-cfg.xml.
[31/05/2022 14:35:52:566 BRT] 0000002a liberty.microprofile.openapi20.internal.ApplicationProcessor I CWWKO1660I: O aplicativo restful-web-service foi processado e um documento OpenAPI foi produzido.
[31/05/2022 14:35:53:058 BRT] 0000002a com.ibm.ws.webcontainer.osgi.webapp.WebGroup                 I SRVE0169I: Carregando o Módulo da Web: restful-web-service.
[31/05/2022 14:35:53:059 BRT] 0000002a com.ibm.ws.webcontainer                                      I SRVE0250I: O Módulo da Web restful-web-service foi ligado ao default_host.
[31/05/2022 14:35:53:059 BRT] 0000002a com.ibm.ws.http.internal.VirtualHostImpl                     A CWWKT0016I: Aplicativo da Web disponível (default_host): http://localhost:9080/
[31/05/2022 14:35:53:061 BRT] 00000023 com.ibm.ws.session.WASSessionCore                            I SESN0176I: Um novo contexto de sessão será criado para a chave do aplicativo default_host/
[31/05/2022 14:35:53:062 BRT] 00000023 com.ibm.ws.util                                              I SESN0172I: O gerenciador de sessões está usando a implementação SecureRandom padrão Java para geração do ID de sessão.
[31/05/2022 14:35:53:072 BRT] 00000023 com.ibm.ws.app.manager.AppMessageHelper                      A CWWKZ0003I: O aplicativo restful-web-service foi atualizado em 1,312 segundos.
[31/05/2022 14:35:53:084 BRT] 0000002f com.ibm.ws.webcontainer.osgi.mbeans.PluginGenerator          I SRVE9103I: Um arquivo de configuração para um plug-in de servidor da web foi automaticamente gerado para este servidor em /home/mario/dev/pw2/restful-web-service/target/liberty/wlp/usr/servers/restful-web-service/logs/state/plugin-cfg.xml.
[31/05/2022 14:35:53:598 BRT] 0000002e .apache.cxf.cxf.core.3.2:1.0.64.cl220520220425-0301(id=125)] I Setting the server's publish address to be /data/
[31/05/2022 14:35:53:605 BRT] 0000002e com.ibm.ws.webcontainer.servlet                              I SRVE0242I: [restful-web-service] [/] [dev.ifrs.restful.web.service.RestApplication]: Inicialização bem sucedida.
[31/05/2022 14:35:53:749 BRT] 0000002e io.jaegertracing.Configuration                               I Initialized tracer=JaegerTracer(version=Java-1.5.0, serviceName=restful-web-service, reporter=RemoteReporter(sender=UdpSender(host=localhost, port=6831), closeEnqueueTimeout=1000), sampler=RemoteControlledSampler(maxOperations=2000, manager=HttpSamplingManager(hostPort=localhost:5778), sampler=ProbabilisticSampler(tags={sampler.type=probabilistic, sampler.param=0.001})), tags={hostname=ASUS-X555LB, jaeger.version=Java-1.5.0, ip=127.0.1.1}, zipkinSharedRpcSpan=false, expandExceptionLogs=false, useTraceId128Bit=false)
[31/05/2022 14:35:53:749 BRT] 0000002e m.ibm.ws.microprofile.opentracing.jaeger.JaegerTracerFactory I CWMOT1001I: Uma instância de JaegerTracer foi criada para o aplicativo restful-web-service. As informações de rastreio são enviadas para localhost:6831.
[31/05/2022 14:35:53:756 BRT] 0000002e SystemOut                                                    O  VELOCIDADE0.0
[31/05/2022 14:35:57:200 BRT] 00000026 SystemOut                                                    O  VELOCIDADE0.0
[31/05/2022 14:36:12:326 BRT] 0000002f com.ibm.ws.http.internal.VirtualHostImpl                     A CWWKT0017I: Aplicativo da Web removido (default_host): http://localhost:9080/
[31/05/2022 14:36:12:341 BRT] 0000002f com.ibm.ws.webcontainer.servlet                              I SRVE0253I: [restful-web-service] [/] [dev.ifrs.restful.web.service.RestApplication]: Destruição bem sucedida.
[31/05/2022 14:36:12:364 BRT] 0000002f com.ibm.ws.app.manager.AppMessageHelper                      A CWWKZ0009I: O aplicativo restful-web-service foi interrompido com sucesso.
[31/05/2022 14:36:12:375 BRT] 0000002f com.ibm.ws.app.manager.AppMessageHelper                      I CWWKZ0018I: Iniciando o aplicativo restful-web-service.
[31/05/2022 14:36:12:375 BRT] 0000002f bm.ws.app.manager.war.internal.WARDeployedAppInfoFactoryImpl I CWWKZ0134I: O aplicativo restful-web-service está usando a definição de aplicativo indefinido no local /home/mario/dev/pw2/restful-web-service/target/liberty/wlp/usr/servers/restful-web-service/apps/restful-web-service.war.xml.
[31/05/2022 14:36:12:416 BRT] 00000024 com.ibm.ws.webcontainer.osgi.mbeans.PluginGenerator          I SRVE9103I: Um arquivo de configuração para um plug-in de servidor da web foi automaticamente gerado para este servidor em /home/mario/dev/pw2/restful-web-service/target/liberty/wlp/usr/servers/restful-web-service/logs/state/plugin-cfg.xml.
[31/05/2022 14:36:13:044 BRT] 0000002f liberty.microprofile.openapi20.internal.ApplicationProcessor I CWWKO1660I: O aplicativo restful-web-service foi processado e um documento OpenAPI foi produzido.
[31/05/2022 14:36:13:374 BRT] 0000002f com.ibm.ws.webcontainer.osgi.webapp.WebGroup                 I SRVE0169I: Carregando o Módulo da Web: restful-web-service.
[31/05/2022 14:36:13:374 BRT] 0000002f com.ibm.ws.webcontainer                                      I SRVE0250I: O Módulo da Web restful-web-service foi ligado ao default_host.
[31/05/2022 14:36:13:375 BRT] 0000002f com.ibm.ws.http.internal.VirtualHostImpl                     A CWWKT0016I: Aplicativo da Web disponível (default_host): http://localhost:9080/
[31/05/2022 14:36:13:382 BRT] 0000002a com.ibm.ws.session.WASSessionCore                            I SESN0176I: Um novo contexto de sessão será criado para a chave do aplicativo default_host/
[31/05/2022 14:36:13:383 BRT] 0000002a com.ibm.ws.util                                              I SESN0172I: O gerenciador de sessões está usando a implementação SecureRandom padrão Java para geração do ID de sessão.
[31/05/2022 14:36:13:391 BRT] 0000002f com.ibm.ws.app.manager.AppMessageHelper                      A CWWKZ0003I: O aplicativo restful-web-service foi atualizado em 1,016 segundos.
[31/05/2022 14:36:13:422 BRT] 00000025 com.ibm.ws.webcontainer.osgi.mbeans.PluginGenerator          I SRVE9103I: Um arquivo de configuração para um plug-in de servidor da web foi automaticamente gerado para este servidor em /home/mario/dev/pw2/restful-web-service/target/liberty/wlp/usr/servers/restful-web-service/logs/state/plugin-cfg.xml.
[31/05/2022 14:37:01:629 BRT] 00000025 com.ibm.ws.http.internal.VirtualHostImpl                     A CWWKT0017I: Aplicativo da Web removido (default_host): http://localhost:9080/
[31/05/2022 14:37:01:649 BRT] 00000025 com.ibm.ws.app.manager.AppMessageHelper                      A CWWKZ0009I: O aplicativo restful-web-service foi interrompido com sucesso.
[31/05/2022 14:37:01:655 BRT] 00000025 com.ibm.ws.app.manager.AppMessageHelper                      I CWWKZ0018I: Iniciando o aplicativo restful-web-service.
[31/05/2022 14:37:01:656 BRT] 00000025 bm.ws.app.manager.war.internal.WARDeployedAppInfoFactoryImpl I CWWKZ0134I: O aplicativo restful-web-service está usando a definição de aplicativo indefinido no local /home/mario/dev/pw2/restful-web-service/target/liberty/wlp/usr/servers/restful-web-service/apps/restful-web-service.war.xml.
[31/05/2022 14:37:01:664 BRT] 00000026 com.ibm.ws.webcontainer.osgi.mbeans.PluginGenerator          I SRVE9103I: Um arquivo de configuração para um plug-in de servidor da web foi automaticamente gerado para este servidor em /home/mario/dev/pw2/restful-web-service/target/liberty/wlp/usr/servers/restful-web-service/logs/state/plugin-cfg.xml.
[31/05/2022 14:37:02:260 BRT] 00000025 liberty.microprofile.openapi20.internal.ApplicationProcessor I CWWKO1660I: O aplicativo restful-web-service foi processado e um documento OpenAPI foi produzido.
[31/05/2022 14:37:02:666 BRT] 00000025 com.ibm.ws.webcontainer.osgi.webapp.WebGroup                 I SRVE0169I: Carregando o Módulo da Web: restful-web-service.
[31/05/2022 14:37:02:666 BRT] 00000025 com.ibm.ws.webcontainer                                      I SRVE0250I: O Módulo da Web restful-web-service foi ligado ao default_host.
[31/05/2022 14:37:02:666 BRT] 00000025 com.ibm.ws.http.internal.VirtualHostImpl                     A CWWKT0016I: Aplicativo da Web disponível (default_host): http://localhost:9080/
[31/05/2022 14:37:02:670 BRT] 0000002e com.ibm.ws.session.WASSessionCore                            I SESN0176I: Um novo contexto de sessão será criado para a chave do aplicativo default_host/
[31/05/2022 14:37:02:670 BRT] 0000002e com.ibm.ws.util                                              I SESN0172I: O gerenciador de sessões está usando a implementação SecureRandom padrão Java para geração do ID de sessão.
[31/05/2022 14:37:02:692 BRT] 0000002e com.ibm.ws.app.manager.AppMessageHelper                      A CWWKZ0003I: O aplicativo restful-web-service foi atualizado em 1,036 segundos.
[31/05/2022 14:37:02:698 BRT] 00000025 com.ibm.ws.webcontainer.osgi.mbeans.PluginGenerator          I SRVE9103I: Um arquivo de configuração para um plug-in de servidor da web foi automaticamente gerado para este servidor em /home/mario/dev/pw2/restful-web-service/target/liberty/wlp/usr/servers/restful-web-service/logs/state/plugin-cfg.xml.
[31/05/2022 14:37:04:863 BRT] 00000025 .apache.cxf.cxf.core.3.2:1.0.64.cl220520220425-0301(id=125)] I Setting the server's publish address to be /data/
[31/05/2022 14:37:04:870 BRT] 00000025 com.ibm.ws.webcontainer.servlet                              I SRVE0242I: [restful-web-service] [/] [dev.ifrs.restful.web.service.RestApplication]: Inicialização bem sucedida.
[31/05/2022 14:37:04:977 BRT] 00000025 io.jaegertracing.Configuration                               I Initialized tracer=JaegerTracer(version=Java-1.5.0, serviceName=restful-web-service, reporter=RemoteReporter(sender=UdpSender(host=localhost, port=6831), closeEnqueueTimeout=1000), sampler=RemoteControlledSampler(maxOperations=2000, manager=HttpSamplingManager(hostPort=localhost:5778), sampler=ProbabilisticSampler(tags={sampler.type=probabilistic, sampler.param=0.001})), tags={hostname=ASUS-X555LB, jaeger.version=Java-1.5.0, ip=127.0.1.1}, zipkinSharedRpcSpan=false, expandExceptionLogs=false, useTraceId128Bit=false)
[31/05/2022 14:37:04:978 BRT] 00000025 m.ibm.ws.microprofile.opentracing.jaeger.JaegerTracerFactory I CWMOT1001I: Uma instância de JaegerTracer foi criada para o aplicativo restful-web-service. As informações de rastreio são enviadas para localhost:6831.
[31/05/2022 14:37:04:986 BRT] 00000025 SystemOut                                                    O VELOCIDADE 0.0
[31/05/2022 14:37:24:347 BRT] 0000002f SystemOut                                                    O VELOCIDADE 0.0
[31/05/2022 14:38:25:293 BRT] 0000002e com.ibm.ws.http.internal.VirtualHostImpl                     A CWWKT0017I: Aplicativo da Web removido (default_host): http://localhost:9080/
[31/05/2022 14:38:25:295 BRT] 0000002e com.ibm.ws.webcontainer.servlet                              I SRVE0253I: [restful-web-service] [/] [dev.ifrs.restful.web.service.RestApplication]: Destruição bem sucedida.
[31/05/2022 14:38:25:303 BRT] 0000002e com.ibm.ws.app.manager.AppMessageHelper                      A CWWKZ0009I: O aplicativo restful-web-service foi interrompido com sucesso.
[31/05/2022 14:38:25:307 BRT] 0000002e com.ibm.ws.app.manager.AppMessageHelper                      I CWWKZ0018I: Iniciando o aplicativo restful-web-service.
[31/05/2022 14:38:25:307 BRT] 0000002e bm.ws.app.manager.war.internal.WARDeployedAppInfoFactoryImpl I CWWKZ0134I: O aplicativo restful-web-service está usando a definição de aplicativo indefinido no local /home/mario/dev/pw2/restful-web-service/target/liberty/wlp/usr/servers/restful-web-service/apps/restful-web-service.war.xml.
[31/05/2022 14:38:25:323 BRT] 00000024 com.ibm.ws.webcontainer.osgi.mbeans.PluginGenerator          I SRVE9103I: Um arquivo de configuração para um plug-in de servidor da web foi automaticamente gerado para este servidor em /home/mario/dev/pw2/restful-web-service/target/liberty/wlp/usr/servers/restful-web-service/logs/state/plugin-cfg.xml.
[31/05/2022 14:38:26:408 BRT] 0000002e liberty.microprofile.openapi20.internal.ApplicationProcessor I CWWKO1660I: O aplicativo restful-web-service foi processado e um documento OpenAPI foi produzido.
[31/05/2022 14:38:26:769 BRT] 0000002e com.ibm.ws.webcontainer.osgi.webapp.WebGroup                 I SRVE0169I: Carregando o Módulo da Web: restful-web-service.
[31/05/2022 14:38:26:770 BRT] 0000002e com.ibm.ws.webcontainer                                      I SRVE0250I: O Módulo da Web restful-web-service foi ligado ao default_host.
[31/05/2022 14:38:26:770 BRT] 0000002e com.ibm.ws.http.internal.VirtualHostImpl                     A CWWKT0016I: Aplicativo da Web disponível (default_host): http://localhost:9080/
[31/05/2022 14:38:26:782 BRT] 0000002f com.ibm.ws.session.WASSessionCore                            I SESN0176I: Um novo contexto de sessão será criado para a chave do aplicativo default_host/
[31/05/2022 14:38:26:783 BRT] 0000002f com.ibm.ws.util                                              I SESN0172I: O gerenciador de sessões está usando a implementação SecureRandom padrão Java para geração do ID de sessão.
[31/05/2022 14:38:26:854 BRT] 0000002f com.ibm.ws.app.manager.AppMessageHelper                      A CWWKZ0003I: O aplicativo restful-web-service foi atualizado em 1,547 segundos.
[31/05/2022 14:38:26:862 BRT] 0000002e com.ibm.ws.webcontainer.osgi.mbeans.PluginGenerator          I SRVE9103I: Um arquivo de configuração para um plug-in de servidor da web foi automaticamente gerado para este servidor em /home/mario/dev/pw2/restful-web-service/target/liberty/wlp/usr/servers/restful-web-service/logs/state/plugin-cfg.xml.
[31/05/2022 14:38:50:477 BRT] 00000024 com.ibm.ws.http.internal.VirtualHostImpl                     A CWWKT0017I: Aplicativo da Web removido (default_host): http://localhost:9080/
[31/05/2022 14:38:50:499 BRT] 00000024 com.ibm.ws.app.manager.AppMessageHelper                      A CWWKZ0009I: O aplicativo restful-web-service foi interrompido com sucesso.
[31/05/2022 14:38:50:515 BRT] 00000024 com.ibm.ws.app.manager.AppMessageHelper                      I CWWKZ0018I: Iniciando o aplicativo restful-web-service.
[31/05/2022 14:38:50:516 BRT] 00000024 bm.ws.app.manager.war.internal.WARDeployedAppInfoFactoryImpl I CWWKZ0134I: O aplicativo restful-web-service está usando a definição de aplicativo indefinido no local /home/mario/dev/pw2/restful-web-service/target/liberty/wlp/usr/servers/restful-web-service/apps/restful-web-service.war.xml.
[31/05/2022 14:38:50:529 BRT] 00000026 com.ibm.ws.webcontainer.osgi.mbeans.PluginGenerator          I SRVE9103I: Um arquivo de configuração para um plug-in de servidor da web foi automaticamente gerado para este servidor em /home/mario/dev/pw2/restful-web-service/target/liberty/wlp/usr/servers/restful-web-service/logs/state/plugin-cfg.xml.
[31/05/2022 14:38:51:322 BRT] 00000024 liberty.microprofile.openapi20.internal.ApplicationProcessor I CWWKO1660I: O aplicativo restful-web-service foi processado e um documento OpenAPI foi produzido.
[31/05/2022 14:38:51:817 BRT] 00000024 com.ibm.ws.webcontainer.osgi.webapp.WebGroup                 I SRVE0169I: Carregando o Módulo da Web: restful-web-service.
[31/05/2022 14:38:51:817 BRT] 00000024 com.ibm.ws.webcontainer                                      I SRVE0250I: O Módulo da Web restful-web-service foi ligado ao default_host.
[31/05/2022 14:38:51:817 BRT] 00000024 com.ibm.ws.http.internal.VirtualHostImpl                     A CWWKT0016I: Aplicativo da Web disponível (default_host): http://localhost:9080/
[31/05/2022 14:38:51:823 BRT] 00000026 com.ibm.ws.session.WASSessionCore                            I SESN0176I: Um novo contexto de sessão será criado para a chave do aplicativo default_host/
[31/05/2022 14:38:51:823 BRT] 00000026 com.ibm.ws.util                                              I SESN0172I: O gerenciador de sessões está usando a implementação SecureRandom padrão Java para geração do ID de sessão.
[31/05/2022 14:38:51:831 BRT] 00000026 com.ibm.ws.app.manager.AppMessageHelper                      A CWWKZ0003I: O aplicativo restful-web-service foi atualizado em 1,315 segundos.
[31/05/2022 14:38:51:848 BRT] 00000024 com.ibm.ws.webcontainer.osgi.mbeans.PluginGenerator          I SRVE9103I: Um arquivo de configuração para um plug-in de servidor da web foi automaticamente gerado para este servidor em /home/mario/dev/pw2/restful-web-service/target/liberty/wlp/usr/servers/restful-web-service/logs/state/plugin-cfg.xml.
[31/05/2022 14:38:57:780 BRT] 00000028 .apache.cxf.cxf.core.3.2:1.0.64.cl220520220425-0301(id=125)] I Setting the server's publish address to be /data/
[31/05/2022 14:38:57:788 BRT] 00000028 com.ibm.ws.webcontainer.servlet                              I SRVE0242I: [restful-web-service] [/] [dev.ifrs.restful.web.service.RestApplication]: Inicialização bem sucedida.
[31/05/2022 14:38:57:910 BRT] 00000028 io.jaegertracing.Configuration                               I Initialized tracer=JaegerTracer(version=Java-1.5.0, serviceName=restful-web-service, reporter=RemoteReporter(sender=UdpSender(host=localhost, port=6831), closeEnqueueTimeout=1000), sampler=RemoteControlledSampler(maxOperations=2000, manager=HttpSamplingManager(hostPort=localhost:5778), sampler=ProbabilisticSampler(tags={sampler.type=probabilistic, sampler.param=0.001})), tags={hostname=ASUS-X555LB, jaeger.version=Java-1.5.0, ip=127.0.1.1}, zipkinSharedRpcSpan=false, expandExceptionLogs=false, useTraceId128Bit=false)
[31/05/2022 14:38:57:910 BRT] 00000028 m.ibm.ws.microprofile.opentracing.jaeger.JaegerTracerFactory I CWMOT1001I: Uma instância de JaegerTracer foi criada para o aplicativo restful-web-service. As informações de rastreio são enviadas para localhost:6831.
[31/05/2022 14:38:57:923 BRT] 00000028 SystemOut                                                    O VELOCIDADE 10.0
[31/05/2022 14:39:28:085 BRT] 0000002f com.ibm.ws.http.internal.VirtualHostImpl                     A CWWKT0017I: Aplicativo da Web removido (default_host): http://localhost:9080/
[31/05/2022 14:39:28:093 BRT] 0000002f com.ibm.ws.webcontainer.servlet                              I SRVE0253I: [restful-web-service] [/] [dev.ifrs.restful.web.service.RestApplication]: Destruição bem sucedida.
[31/05/2022 14:39:28:126 BRT] 0000002f com.ibm.ws.app.manager.AppMessageHelper                      A CWWKZ0009I: O aplicativo restful-web-service foi interrompido com sucesso.
[31/05/2022 14:39:28:135 BRT] 0000002f com.ibm.ws.app.manager.AppMessageHelper                      I CWWKZ0018I: Iniciando o aplicativo restful-web-service.
[31/05/2022 14:39:28:135 BRT] 0000002f bm.ws.app.manager.war.internal.WARDeployedAppInfoFactoryImpl I CWWKZ0134I: O aplicativo restful-web-service está usando a definição de aplicativo indefinido no local /home/mario/dev/pw2/restful-web-service/target/liberty/wlp/usr/servers/restful-web-service/apps/restful-web-service.war.xml.
[31/05/2022 14:39:28:140 BRT] 00000023 com.ibm.ws.webcontainer.osgi.mbeans.PluginGenerator          I SRVE9103I: Um arquivo de configuração para um plug-in de servidor da web foi automaticamente gerado para este servidor em /home/mario/dev/pw2/restful-web-service/target/liberty/wlp/usr/servers/restful-web-service/logs/state/plugin-cfg.xml.
[31/05/2022 14:39:28:850 BRT] 0000002f liberty.microprofile.openapi20.internal.ApplicationProcessor I CWWKO1660I: O aplicativo restful-web-service foi processado e um documento OpenAPI foi produzido.
[31/05/2022 14:39:29:408 BRT] 0000002f com.ibm.ws.webcontainer.osgi.webapp.WebGroup                 I SRVE0169I: Carregando o Módulo da Web: restful-web-service.
[31/05/2022 14:39:29:408 BRT] 0000002f com.ibm.ws.webcontainer                                      I SRVE0250I: O Módulo da Web restful-web-service foi ligado ao default_host.
[31/05/2022 14:39:29:408 BRT] 0000002f com.ibm.ws.http.internal.VirtualHostImpl                     A CWWKT0016I: Aplicativo da Web disponível (default_host): http://localhost:9080/
[31/05/2022 14:39:29:412 BRT] 00000026 com.ibm.ws.session.WASSessionCore                            I SESN0176I: Um novo contexto de sessão será criado para a chave do aplicativo default_host/
[31/05/2022 14:39:29:412 BRT] 00000026 com.ibm.ws.util                                              I SESN0172I: O gerenciador de sessões está usando a implementação SecureRandom padrão Java para geração do ID de sessão.
[31/05/2022 14:39:29:423 BRT] 00000026 com.ibm.ws.app.manager.AppMessageHelper                      A CWWKZ0003I: O aplicativo restful-web-service foi atualizado em 1,288 segundos.
[31/05/2022 14:39:29:470 BRT] 0000002f com.ibm.ws.webcontainer.osgi.mbeans.PluginGenerator          I SRVE9103I: Um arquivo de configuração para um plug-in de servidor da web foi automaticamente gerado para este servidor em /home/mario/dev/pw2/restful-web-service/target/liberty/wlp/usr/servers/restful-web-service/logs/state/plugin-cfg.xml.
